<?xml version="1.0" encoding="UTF-8"?>
<testng-results skipped="0" failed="0" ignored="0" total="4" passed="4">
  <reporter-output>
  </reporter-output>
  <suite name="Suite" duration-ms="6916" started-at="2021-10-13T09:44:12Z" finished-at="2021-10-13T09:44:19Z">
    <groups>
    </groups>
    <test name="Test1" duration-ms="65" started-at="2021-10-13T09:44:12Z" finished-at="2021-10-13T09:44:13Z">
      <class name="appTests.AppTest">
        <test-method status="PASS" signature="invalidLoginTest()[pri:0, instance:appTests.AppTest@b62fe6d]" name="invalidLoginTest" duration-ms="19" started-at="2021-10-13T09:44:13Z" description="InValid Test" finished-at="2021-10-13T09:44:13Z">
          <reporter-output>
          </reporter-output>
        </test-method> <!-- invalidLoginTest -->
        <test-method status="PASS" signature="validLoginTest()[pri:0, instance:appTests.AppTest@b62fe6d]" name="validLoginTest" duration-ms="0" started-at="2021-10-13T09:44:13Z" description="Valid Test" finished-at="2021-10-13T09:44:13Z">
          <reporter-output>
          </reporter-output>
        </test-method> <!-- validLoginTest -->
      </class> <!-- appTests.AppTest -->
    </test> <!-- Test1 -->
    <test name="Test2" duration-ms="1" started-at="2021-10-13T09:44:13Z" finished-at="2021-10-13T09:44:13Z">
      <class name="appTests.NumberComparision">
        <test-method status="PASS" signature="intComparision()[pri:0, instance:appTests.NumberComparision@4b44655e]" name="intComparision" duration-ms="0" started-at="2021-10-13T09:44:13Z" finished-at="2021-10-13T09:44:13Z">
          <reporter-output>
          </reporter-output>
        </test-method> <!-- intComparision -->
      </class> <!-- appTests.NumberComparision -->
    </test> <!-- Test2 -->
    <test name="Test3" duration-ms="6799" started-at="2021-10-13T09:44:13Z" finished-at="2021-10-13T09:44:19Z">
      <class name="appTests.SeleniumDev">
        <test-method status="PASS" signature="beforeTest()[pri:0, instance:appTests.SeleniumDev@1e730495]" name="beforeTest" is-config="true" duration-ms="2189" started-at="2021-10-13T09:44:13Z" finished-at="2021-10-13T09:44:15Z">
          <reporter-output>
          </reporter-output>
        </test-method> <!-- beforeTest -->
        <test-method status="PASS" signature="titleTest()[pri:0, instance:appTests.SeleniumDev@1e730495]" name="titleTest" duration-ms="1837" started-at="2021-10-13T09:44:15Z" finished-at="2021-10-13T09:44:17Z">
          <reporter-output>
          </reporter-output>
        </test-method> <!-- titleTest -->
        <test-method status="PASS" signature="afterTest()[pri:0, instance:appTests.SeleniumDev@1e730495]" name="afterTest" is-config="true" duration-ms="2771" started-at="2021-10-13T09:44:17Z" finished-at="2021-10-13T09:44:19Z">
          <reporter-output>
          </reporter-output>
        </test-method> <!-- afterTest -->
      </class> <!-- appTests.SeleniumDev -->
    </test> <!-- Test3 -->
  </suite> <!-- Suite -->
</testng-results>
