<?xml version="1.0" encoding="UTF-8"?>
<testng-results ignored="0" total="4" passed="4" failed="0" skipped="0">
  <reporter-output>
  </reporter-output>
  <suite started-at="2021-10-13T11:56:35Z" name="Suite" finished-at="2021-10-13T11:56:42Z" duration-ms="6701">
    <groups>
    </groups>
    <test started-at="2021-10-13T11:56:35Z" name="Test1" finished-at="2021-10-13T11:56:36Z" duration-ms="51">
      <class name="appTests.AppTest">
        <test-method signature="invalidLoginTest()[pri:0, instance:appTests.AppTest@57c03d88]" started-at="2021-10-13T11:56:36Z" name="invalidLoginTest" description="InValid Test" finished-at="2021-10-13T11:56:36Z" duration-ms="16" status="PASS">
          <reporter-output>
          </reporter-output>
        </test-method> <!-- invalidLoginTest -->
        <test-method signature="validLoginTest()[pri:0, instance:appTests.AppTest@57c03d88]" started-at="2021-10-13T11:56:36Z" name="validLoginTest" description="Valid Test" finished-at="2021-10-13T11:56:36Z" duration-ms="0" status="PASS">
          <reporter-output>
          </reporter-output>
        </test-method> <!-- validLoginTest -->
      </class> <!-- appTests.AppTest -->
    </test> <!-- Test1 -->
    <test started-at="2021-10-13T11:56:36Z" name="Test2" finished-at="2021-10-13T11:56:36Z" duration-ms="1">
      <class name="appTests.NumberComparision">
        <test-method signature="intComparision()[pri:0, instance:appTests.NumberComparision@3b74ac8]" started-at="2021-10-13T11:56:36Z" name="intComparision" finished-at="2021-10-13T11:56:36Z" duration-ms="1" status="PASS">
          <reporter-output>
          </reporter-output>
        </test-method> <!-- intComparision -->
      </class> <!-- appTests.NumberComparision -->
    </test> <!-- Test2 -->
    <test started-at="2021-10-13T11:56:36Z" name="Test3" finished-at="2021-10-13T11:56:42Z" duration-ms="6598">
      <class name="appTests.SeleniumDev">
        <test-method is-config="true" signature="beforeTest()[pri:0, instance:appTests.SeleniumDev@327af41b]" started-at="2021-10-13T11:56:36Z" name="beforeTest" finished-at="2021-10-13T11:56:38Z" duration-ms="2097" status="PASS">
          <reporter-output>
          </reporter-output>
        </test-method> <!-- beforeTest -->
        <test-method signature="titleTest()[pri:0, instance:appTests.SeleniumDev@327af41b]" started-at="2021-10-13T11:56:38Z" name="titleTest" finished-at="2021-10-13T11:56:39Z" duration-ms="1803" status="PASS">
          <reporter-output>
          </reporter-output>
        </test-method> <!-- titleTest -->
        <test-method is-config="true" signature="afterTest()[pri:0, instance:appTests.SeleniumDev@327af41b]" started-at="2021-10-13T11:56:39Z" name="afterTest" finished-at="2021-10-13T11:56:42Z" duration-ms="2697" status="PASS">
          <reporter-output>
          </reporter-output>
        </test-method> <!-- afterTest -->
      </class> <!-- appTests.SeleniumDev -->
    </test> <!-- Test3 -->
  </suite> <!-- Suite -->
</testng-results>
