<?xml version="1.0" encoding="UTF-8"?>
<testng-results skipped="0" failed="0" ignored="0" total="3" passed="3">
  <reporter-output>
  </reporter-output>
  <suite name="Suite" duration-ms="117" started-at="2021-10-13T07:30:24Z" finished-at="2021-10-13T07:30:24Z">
    <groups>
    </groups>
    <test name="Test1" duration-ms="70" started-at="2021-10-13T07:30:24Z" finished-at="2021-10-13T07:30:24Z">
      <class name="appTests.AppTest">
        <test-method status="PASS" signature="invalidLoginTest()[pri:0, instance:appTests.AppTest@77167fb7]" name="invalidLoginTest" duration-ms="20" started-at="2021-10-13T07:30:24Z" description="InValid Test" finished-at="2021-10-13T07:30:24Z">
          <reporter-output>
          </reporter-output>
        </test-method> <!-- invalidLoginTest -->
        <test-method status="PASS" signature="validLoginTest()[pri:0, instance:appTests.AppTest@77167fb7]" name="validLoginTest" duration-ms="2" started-at="2021-10-13T07:30:24Z" description="Valid Test" finished-at="2021-10-13T07:30:24Z">
          <reporter-output>
          </reporter-output>
        </test-method> <!-- validLoginTest -->
      </class> <!-- appTests.AppTest -->
    </test> <!-- Test1 -->
    <test name="Test2" duration-ms="5" started-at="2021-10-13T07:30:24Z" finished-at="2021-10-13T07:30:24Z">
      <class name="appTests.NumberComparision">
        <test-method status="PASS" signature="intComparision()[pri:0, instance:appTests.NumberComparision@1677d1]" name="intComparision" duration-ms="1" started-at="2021-10-13T07:30:24Z" finished-at="2021-10-13T07:30:24Z">
          <reporter-output>
          </reporter-output>
        </test-method> <!-- intComparision -->
      </class> <!-- appTests.NumberComparision -->
    </test> <!-- Test2 -->
  </suite> <!-- Suite -->
</testng-results>
